<?xml version="1.0" encoding="UTF-8"?>
<!-- Generated by org.testng.reporters.JUnitReportReporter -->
<testsuite skipped="0" hostname="192.168.1.4" name="com.gs.poi.h5.sight.SightDetail" tests="2" failures="0" timestamp="12 八月 2022 09:55:15 GMT" time="34.415" errors="0">
  <testcase name="test" time="20.445" classname="com.gs.poi.h5.sight.SightDetail"/>
  <testcase name="test1" time="13.970" classname="com.gs.poi.h5.sight.SightDetail"/>
</testsuite> <!-- com.gs.poi.h5.sight.SightDetail -->
